<?xml version="1.0" encoding="UTF-8"?>
<testsuite xmlns:xsi="http://www.w3.org/2001/XMLSchema-instance" xsi:noNamespaceSchemaLocation="https://maven.apache.org/surefire/maven-surefire-plugin/xsd/surefire-test-report-3.0.xsd" version="3.0" name="com.application.testapp.services.CakeServiceImplTest$TestSomethingNew" time="0.029" tests="11" errors="0" skipped="1" failures="2">
  <properties>
[...]
</properties>
  <testcase name="repeat_the_test_with_generalFilter(RepetitionInfo)[1]" classname="com.application.testapp.services.CakeServiceImplTest" time="0.024">
    <system-out><![CDATA[1
]]></system-out>
  </testcase>
  <testcase name="repeat_the_test_with_generalFilter(RepetitionInfo)[2]" classname="com.application.testapp.services.CakeServiceImplTest" time="0.002">
    <system-out><![CDATA[2
]]></system-out>
  </testcase>
  <testcase name="repeat_the_test_with_generalFilter(RepetitionInfo)[3]" classname="com.application.testapp.services.CakeServiceImplTest" time="0.002">
    <system-out><![CDATA[3
]]></system-out>
  </testcase>
  <testcase name="repeat_the_test_with_generalFilter(RepetitionInfo)[4]" classname="com.application.testapp.services.CakeServiceImplTest" time="0.002">
    <system-out><![CDATA[4
]]></system-out>
  </testcase>
  <testcase name="Test_Cakes_With_ID" classname="com.application.testapp.services.CakeServiceImplTest" time="0.002"/>
  <testcase name="test_cakeName_filter" classname="com.application.testapp.services.CakeServiceImplTest" time="0.071">
    <failure type="org.opentest4j.AssertionFailedError"><![CDATA[org.opentest4j.AssertionFailedError: Not the same instance ==> expected: com.application.testapp.entity.Cake@37fdfb05<Cake{cakeId=1, cakeName='Spice cake', cakeFlavour='spice'}> but was: com.application.testapp.entity.Cake@5e39850<Cake{cakeId=1, cakeName='Spice cake', cakeFlavour='spice'}>
	at com.application.testapp.services.CakeServiceImplTest.test_cakeName_filter(CakeServiceImplTest.java:99)
]]></failure>
  </testcase>
  <testcase name="Test_Cakes_WIth_Assumptions" classname="com.application.testapp.services.CakeServiceImplTest" time="0">
    <skipped type="org.opentest4j.TestAbortedException"><![CDATA[org.opentest4j.TestAbortedException: Assumption failed: assumption is not true
	at com.application.testapp.services.CakeServiceImplTest.Test_Cakes_WIth_Assumptions(CakeServiceImplTest.java:108)
]]></skipped>
  </testcase>
  <testcase name="test_the_CakeService_FilterWithFlavour_with_Null_Cake" classname="com.application.testapp.services.CakeServiceImplTest" time="0.002"/>
  <testcase name="testCakeServiceFilterWithFlavour" classname="com.application.testapp.services.CakeServiceImplTest" time="0.001"/>
  <testcase name="check_flavours_with_parameters(String)[1]" classname="com.application.testapp.services.CakeServiceImplTest$TestSomethingNew" time="0.014">
    <failure type="org.opentest4j.AssertionFailedError"><![CDATA[org.opentest4j.AssertionFailedError: Only get thrown when there is index out of bound ==> Expected java.lang.IndexOutOfBoundsException to be thrown, but nothing was thrown.
	at com.application.testapp.services.CakeServiceImplTest$TestSomethingNew.check_flavours_with_parameters(CakeServiceImplTest.java:160)
]]></failure>
    <system-out><![CDATA[17331878
class com.application.testapp.services.CakeServiceImplTest$TestSomethingNew
Some init in Before all
]]></system-out>
  </testcase>
  <testcase name="check_flavours_with_parameters(String)[2]" classname="com.application.testapp.services.CakeServiceImplTest$TestSomethingNew" time="0.002"/>
</testsuite>